<?xml version="1.0" encoding="UTF-8"?>
<!-- Generated by org.testng.reporters.JUnitReportReporter -->
<testsuite hostname="DESKTOP-2BENLPR" failures="0" tests="1" name="api_test.UserTests" time="9.594" errors="0" timestamp="2024-04-07T16:38:40 IST" skipped="0">
  <testcase classname="api_test.UserTests" name="testPostUser" time="9.594"/>
  <system-out/>
</testsuite> <!-- api_test.UserTests -->
