<?xml version="1.0" encoding="UTF-8"?>
<!-- Generated by org.testng.reporters.JUnitReportReporter -->
<testsuite hostname="DESKTOP-2BENLPR" failures="0" tests="6" name="api_test.DDTests" time="13.201" errors="0" timestamp="2024-04-07T16:41:34 IST" skipped="0">
  <testcase classname="api_test.DDTests" name="testPostuser" time="1.318"/>
  <system-out/>
  <testcase classname="api_test.DDTests" name="testPostuser" time="6.545"/>
  <system-out/>
  <testcase classname="api_test.DDTests" name="testPostuser" time="1.239"/>
  <system-out/>
  <testcase classname="api_test.DDTests" name="testDeleteUserByName" time="1.445"/>
  <system-out/>
  <testcase classname="api_test.DDTests" name="testDeleteUserByName" time="1.358"/>
  <system-out/>
  <testcase classname="api_test.DDTests" name="testDeleteUserByName" time="1.296"/>
  <system-out/>
</testsuite> <!-- api_test.DDTests -->
